c:\users\can0b\desktop\uni work\at\thing 2\hairdxrt3\engine\debug\vc141.pdb
c:\users\can0b\desktop\uni work\at\thing 2\hairdxrt3\engine\debug\vc141.idb
c:\users\can0b\desktop\uni work\at\thing 2\hairdxrt3\engine\debug\cameraclass.obj
c:\users\can0b\desktop\uni work\at\thing 2\hairdxrt3\engine\debug\colorshaderclass.obj
c:\users\can0b\desktop\uni work\at\thing 2\hairdxrt3\engine\debug\d3dclass.obj
c:\users\can0b\desktop\uni work\at\thing 2\hairdxrt3\engine\debug\graphicsclass.obj
c:\users\can0b\desktop\uni work\at\thing 2\hairdxrt3\engine\debug\inputclass.obj
c:\users\can0b\desktop\uni work\at\thing 2\hairdxrt3\engine\debug\lightclass.obj
c:\users\can0b\desktop\uni work\at\thing 2\hairdxrt3\engine\debug\lightshaderclass.obj
c:\users\can0b\desktop\uni work\at\thing 2\hairdxrt3\engine\debug\lineclass.obj
c:\users\can0b\desktop\uni work\at\thing 2\hairdxrt3\engine\debug\lineshaderclass.obj
c:\users\can0b\desktop\uni work\at\thing 2\hairdxrt3\engine\debug\main.obj
c:\users\can0b\desktop\uni work\at\thing 2\hairdxrt3\engine\debug\modelclass.obj
c:\users\can0b\desktop\uni work\at\thing 2\hairdxrt3\engine\debug\systemclass.obj
c:\users\can0b\desktop\uni work\at\thing 2\hairdxrt3\engine\debug\textureclass.obj
c:\users\can0b\desktop\uni work\at\thing 2\hairdxrt3\engine\debug\textureshaderclass.obj
c:\users\can0b\desktop\uni work\at\thing 2\hairdxrt3\debug\engine.exe
c:\users\can0b\desktop\uni work\at\thing 2\hairdxrt3\debug\engine.ilk
c:\users\can0b\desktop\uni work\at\thing 2\hairdxrt3\debug\engine.pdb
c:\users\can0b\desktop\uni work\at\thing 2\hairdxrt3\engine\debug\engine.tlog\cl.command.1.tlog
c:\users\can0b\desktop\uni work\at\thing 2\hairdxrt3\engine\debug\engine.tlog\cl.read.1.tlog
c:\users\can0b\desktop\uni work\at\thing 2\hairdxrt3\engine\debug\engine.tlog\cl.write.1.tlog
c:\users\can0b\desktop\uni work\at\thing 2\hairdxrt3\engine\debug\engine.tlog\link.command.1.tlog
c:\users\can0b\desktop\uni work\at\thing 2\hairdxrt3\engine\debug\engine.tlog\link.read.1.tlog
c:\users\can0b\desktop\uni work\at\thing 2\hairdxrt3\engine\debug\engine.tlog\link.write.1.tlog
